TN:
SF:src/components/UserInfo.tsx
FN:5,UserInfo
FN:10,(anonymous_1)
FN:19,(anonymous_2)
FNF:3
FNH:3
FNDA:5,UserInfo
FNDA:1,(anonymous_1)
FNDA:1,(anonymous_2)
DA:1,1
DA:2,1
DA:7,5
DA:8,5
DA:10,5
DA:11,1
DA:12,1
DA:15,5
DA:19,1
DA:25,1
LF:10
LH:10
BRF:0
BRH:0
end_of_record
TN:
SF:src/utils/access.ts
FN:3,getUserAccessLevel
FNF:1
FNH:1
FNDA:2,getUserAccessLevel
DA:3,1
DA:4,2
DA:5,1
DA:8,1
DA:9,1
DA:10,1
DA:12,0
DA:16,0
DA:17,0
DA:20,0
DA:21,0
DA:24,0
LF:12
LH:6
BRDA:4,0,0,1
BRDA:8,1,0,1
BRDA:9,2,0,1
BRDA:9,2,1,0
BRDA:16,3,0,0
BRDA:20,4,0,0
BRF:6
BRH:3
end_of_record
TN:
SF:src/utils/api.ts
FN:3,fetchUserData
FNF:1
FNH:1
FNDA:2,fetchUserData
DA:3,1
DA:5,2
DA:6,2
DA:7,1
DA:9,1
LF:5
LH:5
BRDA:6,0,0,1
BRF:1
BRH:1
end_of_record
TN:
SF:src/utils/math.ts
FN:2,(anonymous_0)
FN:7,(anonymous_1)
FN:12,(anonymous_2)
FNF:3
FNH:3
FNDA:1,(anonymous_0)
FNDA:1,(anonymous_1)
FNDA:1,(anonymous_2)
DA:2,1
DA:3,1
DA:7,1
DA:8,1
DA:12,1
DA:13,1
LF:6
LH:6
BRF:0
BRH:0
end_of_record
